Build started 2015-04-09 08:58:11.
     1>Project "C:\Users\krzacjan\documents\visual studio 2010\Projects\messengerServer\messengerServer\messengerServer.vcxproj" on node 2 (build target(s)).
     1>InitializeBuildStatus:
         Creating "Release\messengerServer.unsuccessfulbuild" because "AlwaysCreate" was specified.
       ClCompile:
         All outputs are up-to-date.
         C:\Program Files (x86)\Microsoft Visual Studio 10.0\VC\bin\CL.exe /c /Zi /nologo /W3 /WX- /O2 /Oi /Oy- /GL /D WIN32 /D NDEBUG /D _CONSOLE /D _UNICODE /D UNICODE /Gm- /EHsc /MD /GS /Gy /fp:precise /Zc:wchar_t /Zc:forScope /Yu"StdAfx.h" /Fp"Release\messengerServer.pch" /Fo"Release\\" /Fd"Release\vc100.pdb" /Gd /TP /analyze- /errorReport:prompt Connection.cpp
         Connection.cpp
     1>Connection.cpp(179): warning C4996: 'strcpy': This function or variable may be unsafe. Consider using strcpy_s instead. To disable deprecation, use _CRT_SECURE_NO_WARNINGS. See online help for details.
                 C:\Program Files (x86)\Microsoft Visual Studio 10.0\VC\include\string.h(105) : see declaration of 'strcpy'
       Link:
         C:\Program Files (x86)\Microsoft Visual Studio 10.0\VC\bin\link.exe /ERRORREPORT:PROMPT /OUT:"C:\Users\krzacjan\documents\visual studio 2010\Projects\messengerServer\Release\messengerServer.exe" /INCREMENTAL:NO /NOLOGO kernel32.lib user32.lib gdi32.lib winspool.lib comdlg32.lib advapi32.lib shell32.lib ole32.lib oleaut32.lib uuid.lib odbc32.lib odbccp32.lib /MANIFEST /ManifestFile:"Release\messengerServer.exe.intermediate.manifest" /MANIFESTUAC:"level='asInvoker' uiAccess='false'" /DEBUG /PDB:"C:\Users\krzacjan\documents\visual studio 2010\Projects\messengerServer\Release\messengerServer.pdb" /SUBSYSTEM:CONSOLE /OPT:REF /OPT:ICF /LTCG /TLBID:1 /DYNAMICBASE /NXCOMPAT /IMPLIB:"C:\Users\krzacjan\documents\visual studio 2010\Projects\messengerServer\Release\messengerServer.lib" /MACHINE:X86 Release\Client.obj
         Release\Connection.obj
         Release\main.obj
         Release\stdafx.obj
         Generating code
         Finished generating code
         messengerServer.vcxproj -> C:\Users\krzacjan\documents\visual studio 2010\Projects\messengerServer\Release\messengerServer.exe
       Manifest:
         C:\Program Files (x86)\Microsoft SDKs\Windows\v7.0A\bin\mt.exe /nologo /verbose /outputresource:"C:\Users\krzacjan\documents\visual studio 2010\Projects\messengerServer\Release\messengerServer.exe;#1" /manifest Release\messengerServer.exe.intermediate.manifest
       FinalizeBuildStatus:
         Deleting file "Release\messengerServer.unsuccessfulbuild".
         Touching "Release\messengerServer.lastbuildstate".
     1>Done Building Project "C:\Users\krzacjan\documents\visual studio 2010\Projects\messengerServer\messengerServer\messengerServer.vcxproj" (build target(s)).

Build succeeded.

Time Elapsed 00:00:00.79
