Build started 2015-04-10 10:49:53.
     1>Project "C:\Users\krzacjan\documents\visual studio 2010\Projects\messengerServer\messengerServer\messengerServer.vcxproj" on node 2 (build target(s)).
     1>InitializeBuildStatus:
         Creating "Debug\messengerServer.unsuccessfulbuild" because "AlwaysCreate" was specified.
       ClCompile:
         All outputs are up-to-date.
         C:\Program Files (x86)\Microsoft Visual Studio 10.0\VC\bin\CL.exe /c /I"C:\Users\krzacjan\Documents\Visual Studio 2010\Projects\libraries\boost_1_57_0" /ZI /nologo /W3 /WX- /Od /Oy- /D WIN32 /D _DEBUG /D _CONSOLE /D _UNICODE /D UNICODE /Gm /EHsc /RTC1 /MDd /GS /fp:precise /Zc:wchar_t /Zc:forScope /Fo"Debug\\" /Fd"Debug\vc100.pdb" /Gd /TP /analyze- /errorReport:prompt Connection.cpp
         Connection.cpp
       ManifestResourceCompile:
         All outputs are up-to-date.
       Link:
         C:\Program Files (x86)\Microsoft Visual Studio 10.0\VC\bin\link.exe /ERRORREPORT:PROMPT /OUT:"C:\Users\krzacjan\documents\visual studio 2010\Projects\messengerServer\Debug\messengerServer.exe" /INCREMENTAL /NOLOGO kernel32.lib user32.lib gdi32.lib winspool.lib comdlg32.lib advapi32.lib shell32.lib ole32.lib oleaut32.lib uuid.lib odbc32.lib odbccp32.lib /MANIFEST /ManifestFile:"Debug\messengerServer.exe.intermediate.manifest" /MANIFESTUAC:"level='asInvoker' uiAccess='false'" /DEBUG /PDB:"C:\Users\krzacjan\documents\visual studio 2010\Projects\messengerServer\Debug\messengerServer.pdb" /SUBSYSTEM:CONSOLE /TLBID:1 /DYNAMICBASE /NXCOMPAT /IMPLIB:"C:\Users\krzacjan\documents\visual studio 2010\Projects\messengerServer\Debug\messengerServer.lib" /MACHINE:X86 Debug\messengerServer.exe.embed.manifest.res
         Debug\Client.obj
         Debug\Connection.obj
         Debug\main.obj
         Debug\stdafx.obj
       Manifest:
         C:\Program Files (x86)\Microsoft SDKs\Windows\v7.0A\bin\mt.exe /nologo /verbose /out:"Debug\messengerServer.exe.embed.manifest" /manifest Debug\messengerServer.exe.intermediate.manifest
         All outputs are up-to-date.
       LinkEmbedManifest:
         All outputs are up-to-date.
         messengerServer.vcxproj -> C:\Users\krzacjan\documents\visual studio 2010\Projects\messengerServer\Debug\messengerServer.exe
       FinalizeBuildStatus:
         Deleting file "Debug\messengerServer.unsuccessfulbuild".
         Touching "Debug\messengerServer.lastbuildstate".
     1>Done Building Project "C:\Users\krzacjan\documents\visual studio 2010\Projects\messengerServer\messengerServer\messengerServer.vcxproj" (build target(s)).

Build succeeded.

Time Elapsed 00:00:01.25
